{"level":"info","message":"✔ Base de données connectée","timestamp":"2026-03-28T15:23:29.900Z"}
{"level":"info","message":"🚀 AVS Backend démarré — http://localhost:4000","timestamp":"2026-03-28T15:23:29.918Z"}
{"level":"info","message":"📚 Swagger UI : http://localhost:4000/api-docs","timestamp":"2026-03-28T15:23:29.919Z"}
{"level":"info","message":"📋 Health     : http://localhost:4000/api/v1/health","timestamp":"2026-03-28T15:23:29.924Z"}
{"level":"info","message":"🌍 Environnement : production","timestamp":"2026-03-28T15:23:29.924Z"}
{"level":"warn","message":"Signal SIGTERM reçu — arrêt gracieux…","timestamp":"2026-03-28T15:23:35.431Z"}
{"level":"info","message":"✔ Base de données connectée","timestamp":"2026-03-28T15:23:50.536Z"}
{"level":"info","message":"🚀 AVS Backend démarré — http://localhost:4000","timestamp":"2026-03-28T15:23:50.555Z"}
{"level":"info","message":"📚 Swagger UI : http://localhost:4000/api-docs","timestamp":"2026-03-28T15:23:50.555Z"}
{"level":"info","message":"📋 Health     : http://localhost:4000/api/v1/health","timestamp":"2026-03-28T15:23:50.556Z"}
{"level":"info","message":"🌍 Environnement : production","timestamp":"2026-03-28T15:23:50.556Z"}
{"level":"info","message":"✔ Base de données connectée","timestamp":"2026-03-28T15:29:04.150Z"}
{"level":"info","message":"🚀 AVS Backend démarré — http://localhost:4000","timestamp":"2026-03-28T15:29:04.166Z"}
{"level":"info","message":"📚 Swagger UI : http://localhost:4000/api-docs","timestamp":"2026-03-28T15:29:04.170Z"}
{"level":"info","message":"📋 Health     : http://localhost:4000/api/v1/health","timestamp":"2026-03-28T15:29:04.171Z"}
{"level":"info","message":"🌍 Environnement : production","timestamp":"2026-03-28T15:29:04.174Z"}
{"level":"info","message":"✔ Base de données connectée","timestamp":"2026-04-04T17:45:12.516Z"}
{"level":"info","message":"🚀 AVS Backend démarré — http://localhost:4000","timestamp":"2026-04-04T17:45:12.523Z"}
{"level":"info","message":"📚 Swagger UI : http://localhost:4000/api-docs","timestamp":"2026-04-04T17:45:12.524Z"}
{"level":"info","message":"📋 Health     : http://localhost:4000/api/v1/health","timestamp":"2026-04-04T17:45:12.525Z"}
{"level":"info","message":"🌍 Environnement : production","timestamp":"2026-04-04T17:45:12.525Z"}
{"level":"info","message":"✔ Base de données connectée","timestamp":"2026-04-04T17:45:21.031Z"}
{"level":"info","message":"🚀 AVS Backend démarré — http://localhost:4000","timestamp":"2026-04-04T17:45:21.039Z"}
{"level":"info","message":"📚 Swagger UI : http://localhost:4000/api-docs","timestamp":"2026-04-04T17:45:21.040Z"}
{"level":"info","message":"📋 Health     : http://localhost:4000/api/v1/health","timestamp":"2026-04-04T17:45:21.041Z"}
{"level":"info","message":"🌍 Environnement : production","timestamp":"2026-04-04T17:45:21.041Z"}
{"level":"http","message":"::1 - - [04/Apr/2026:17:46:03 +0000] \"GET /api/v1/users/me HTTP/1.1\" 401 136 \"http://localhost:3000/\" \"Mozilla/5.0 (X11; Linux x86_64) AppleWebKit/537.36 (KHTML, like Gecko) Chrome/142.0.0.0 Safari/537.36\"","timestamp":"2026-04-04T17:46:03.880Z"}
{"level":"info","message":"✔ Base de données connectée","timestamp":"2026-04-04T17:52:17.631Z"}
{"level":"info","message":"🚀 AVS Backend démarré — http://localhost:4000","timestamp":"2026-04-04T17:52:17.643Z"}
{"level":"info","message":"📚 Swagger UI : http://localhost:4000/api-docs","timestamp":"2026-04-04T17:52:17.644Z"}
{"level":"info","message":"📋 Health     : http://localhost:4000/api/v1/health","timestamp":"2026-04-04T17:52:17.644Z"}
{"level":"info","message":"🌍 Environnement : production","timestamp":"2026-04-04T17:52:17.645Z"}
{"level":"warn","message":"Signal SIGTERM reçu — arrêt gracieux…","timestamp":"2026-04-04T17:52:22.997Z"}
{"level":"warn","message":"Signal SIGTERM reçu — arrêt gracieux…","timestamp":"2026-04-04T17:52:23.011Z"}
{"level":"info","message":"✔ Base de données connectée","timestamp":"2026-04-04T18:09:32.566Z"}
{"level":"info","message":"🚀 AVS Backend démarré — http://localhost:4000","timestamp":"2026-04-04T18:09:32.575Z"}
{"level":"info","message":"📚 Swagger UI : http://localhost:4000/api-docs","timestamp":"2026-04-04T18:09:32.576Z"}
{"level":"info","message":"📋 Health     : http://localhost:4000/api/v1/health","timestamp":"2026-04-04T18:09:32.577Z"}
{"level":"info","message":"🌍 Environnement : production","timestamp":"2026-04-04T18:09:32.577Z"}
